<?xml version="1.0" encoding="UTF-8"?>
<testng-results skipped="0" failed="0" total="1" passed="1">
  <reporter-output>
  </reporter-output>
  <suite name="Suite" duration-ms="15545" started-at="2018-11-27T12:43:44Z" finished-at="2018-11-27T12:44:00Z">
    <groups>
    </groups>
    <test name="Test" duration-ms="15545" started-at="2018-11-27T12:43:44Z" finished-at="2018-11-27T12:44:00Z">
      <class name="guru.SeleniumGit.MyTest">
        <test-method status="PASS" signature="f()[pri:0, instance:guru.SeleniumGit.MyTest@2f8f11]" name="f" duration-ms="15528" started-at="2018-11-27T18:13:44Z" finished-at="2018-11-27T18:14:00Z">
          <reporter-output>
          </reporter-output>
        </test-method> <!-- f -->
      </class> <!-- guru.SeleniumGit.MyTest -->
    </test> <!-- Test -->
  </suite> <!-- Suite -->
</testng-results>
